<?xml version="1.0" encoding="UTF-8"?>
<!-- Generated by org.testng.reporters.JUnitReportReporter -->
<testsuite hostname="LAPTOP-V46UAJK4" failures="0" tests="2" name="com.ohrm.testcases.LoginPageTest$LoginTest" time="15.579" errors="0" timestamp="2024-02-28T17:37:12 IST" skipped="0">
  <testcase classname="com.ohrm.testcases.LoginPageTest$LoginTest" name="validateloginTest" time="10.832"/>
  <system-out/>
  <testcase classname="com.ohrm.testcases.LoginPageTest$LoginTest" name="validateTitleTest" time="4.747"/>
  <system-out/>
</testsuite> <!-- com.ohrm.testcases.LoginPageTest$LoginTest -->
